<?xml version="1.0" encoding="UTF-8"?>
<testng-results ignored="0" total="1" passed="1" failed="0" skipped="0">
  <reporter-output>
  </reporter-output>
  <suite started-at="2021-11-04T08:52:04 EET" name="ExpensesTests" finished-at="2021-11-04T08:52:41 EET" duration-ms="36892">
    <groups>
    </groups>
    <test started-at="2021-11-04T08:52:04 EET" name="Command line test" finished-at="2021-11-04T08:52:41 EET" duration-ms="36892">
      <class name="ExpensesTests">
        <test-method is-config="true" signature="Android_setup()[pri:0, instance:ExpensesTests@77be656f]" started-at="2021-11-04T08:52:04 EET" name="Android_setup" finished-at="2021-11-04T08:52:13 EET" duration-ms="9019" status="PASS">
          <reporter-output>
          </reporter-output>
        </test-method> <!-- Android_setup -->
        <test-method signature="addEditDeleteExpense()[pri:0, instance:ExpensesTests@77be656f]" started-at="2021-11-04T08:52:13 EET" name="addEditDeleteExpense" finished-at="2021-11-04T08:52:41 EET" duration-ms="27842" status="PASS">
          <reporter-output>
          </reporter-output>
        </test-method> <!-- addEditDeleteExpense -->
        <test-method is-config="true" signature="tearDown()[pri:0, instance:ExpensesTests@77be656f]" started-at="2021-11-04T08:52:41 EET" name="tearDown" finished-at="2021-11-04T08:52:41 EET" duration-ms="1" status="PASS">
          <reporter-output>
          </reporter-output>
        </test-method> <!-- tearDown -->
      </class> <!-- ExpensesTests -->
    </test> <!-- Command line test -->
  </suite> <!-- ExpensesTests -->
</testng-results>
